1634117304344	geckodriver	INFO	Listening on 127.0.0.1:62641
1634117307409	mozrunner::runner	INFO	Running command: "C:\\Program Files\\Mozilla Firefox\\firefox.exe" "--marionette" "-foreground" "-no-remote" "-profile" "C:\\Users\\20204093\\AppData\\Local\\Temp\\rust_mozprofilewvs5kG"
1634117463486	geckodriver	INFO	Listening on 127.0.0.1:64200
1634117466553	mozrunner::runner	INFO	Running command: "C:\\Program Files\\Mozilla Firefox\\firefox.exe" "--marionette" "-foreground" "-no-remote" "-profile" "C:\\Users\\20204093\\AppData\\Local\\Temp\\rust_mozprofileS1gMhr"
1634117466862	Marionette	INFO	Marionette enabled
console.warn: SearchSettings: "get: No settings file exists, new profile?" (new NotFoundError("Could not open the file at C:\\Users\\20204093\\AppData\\Local\\Temp\\rust_mozprofileS1gMhr\\search.json.mozlz4", (void 0)))
1634117468549	Marionette	INFO	Listening on port 64208
1634117468595	RemoteAgent	WARN	TLS certificate errors will be ignored for this session
1634117586653	geckodriver	INFO	Listening on 127.0.0.1:64310
1634117589691	mozrunner::runner	INFO	Running command: "C:\\Program Files\\Mozilla Firefox\\firefox.exe" "--marionette" "-foreground" "-no-remote" "-profile" "C:\\Users\\20204093\\AppData\\Local\\Temp\\rust_mozprofilelZcZ0c"
1634117590006	Marionette	INFO	Marionette enabled
console.warn: SearchSettings: "get: No settings file exists, new profile?" (new NotFoundError("Could not open the file at C:\\Users\\20204093\\AppData\\Local\\Temp\\rust_mozprofilelZcZ0c\\search.json.mozlz4", (void 0)))
1634117591627	Marionette	INFO	Listening on port 64318
1634117591731	RemoteAgent	WARN	TLS certificate errors will be ignored for this session
JavaScript warning: https://accounts.google.com/ServiceLogin?hl=en-US&continue=https://news.google.com/topics/CAAqJggKIiBDQkFTRWdvSUwyMHZNRGx1YlY4U0FtVnVHZ0pWVXlnQVAB?hl%3Den-US%26gl%3DUS%26ceid%3DUS:en&gae=cb- line 1 > eval line 6098 > eval line 1 > eval, line 1: WEBGL_debug_renderer_info is deprecated in Firefox and will be removed. Please use RENDERER.
1634117622181	Marionette	INFO	Stopped listening on port 64318
JavaScript error: resource:///modules/Interactions.jsm, line 230: NS_ERROR_FAILURE: Component returned failure code: 0x80004005 (NS_ERROR_FAILURE) [nsIUserIdleService.removeIdleObserver]
JavaScript error: chrome://remote/content/marionette/cert.js, line 55: NS_ERROR_NOT_AVAILABLE: Component returned failure code: 0x80040111 (NS_ERROR_NOT_AVAILABLE) [nsICertOverrideService.setDisableAllSecurityChecksAndLetAttackersInterceptMyData]
1634117634848	geckodriver	INFO	Listening on 127.0.0.1:61065
1634117637920	mozrunner::runner	INFO	Running command: "C:\\Program Files\\Mozilla Firefox\\firefox.exe" "--marionette" "-foreground" "-no-remote" "-profile" "C:\\Users\\20204093\\AppData\\Local\\Temp\\rust_mozprofileEpKuy4"
1634117638281	Marionette	INFO	Marionette enabled
console.warn: SearchSettings: "get: No settings file exists, new profile?" (new NotFoundError("Could not open the file at C:\\Users\\20204093\\AppData\\Local\\Temp\\rust_mozprofileEpKuy4\\search.json.mozlz4", (void 0)))
1634117640116	Marionette	INFO	Listening on port 61073
1634117640599	RemoteAgent	WARN	TLS certificate errors will be ignored for this session
1634117787333	geckodriver	INFO	Listening on 127.0.0.1:63305
1634117790447	mozrunner::runner	INFO	Running command: "C:\\Program Files\\Mozilla Firefox\\firefox.exe" "--marionette" "-foreground" "-no-remote" "-profile" "C:\\Users\\20204093\\AppData\\Local\\Temp\\rust_mozprofileEsZZ1M"
1634117790804	Marionette	INFO	Marionette enabled
console.warn: SearchSettings: "get: No settings file exists, new profile?" (new NotFoundError("Could not open the file at C:\\Users\\20204093\\AppData\\Local\\Temp\\rust_mozprofileEsZZ1M\\search.json.mozlz4", (void 0)))
1634117792576	Marionette	INFO	Listening on port 63313
1634117792612	RemoteAgent	WARN	TLS certificate errors will be ignored for this session
1634117903532	geckodriver	INFO	Listening on 127.0.0.1:55658
1634117906557	mozrunner::runner	INFO	Running command: "C:\\Program Files\\Mozilla Firefox\\firefox.exe" "--marionette" "-foreground" "-no-remote" "-profile" "C:\\Users\\20204093\\AppData\\Local\\Temp\\rust_mozprofilezpRxAx"
1634117906907	Marionette	INFO	Marionette enabled
console.warn: SearchSettings: "get: No settings file exists, new profile?" (new NotFoundError("Could not open the file at C:\\Users\\20204093\\AppData\\Local\\Temp\\rust_mozprofilezpRxAx\\search.json.mozlz4", (void 0)))
1634117908748	Marionette	INFO	Listening on port 55673
1634117909205	RemoteAgent	WARN	TLS certificate errors will be ignored for this session
1634117984427	geckodriver	INFO	Listening on 127.0.0.1:55788
1634117987529	mozrunner::runner	INFO	Running command: "C:\\Program Files\\Mozilla Firefox\\firefox.exe" "--marionette" "-foreground" "-no-remote" "-profile" "C:\\Users\\20204093\\AppData\\Local\\Temp\\rust_mozprofile5ewx9e"
1634117987901	Marionette	INFO	Marionette enabled
console.warn: SearchSettings: "get: No settings file exists, new profile?" (new NotFoundError("Could not open the file at C:\\Users\\20204093\\AppData\\Local\\Temp\\rust_mozprofile5ewx9e\\search.json.mozlz4", (void 0)))
1634117989678	Marionette	INFO	Listening on port 55799
1634117990185	RemoteAgent	WARN	TLS certificate errors will be ignored for this session
console.log: WebExtensions: reset-default-search: starting.
console.log: WebExtensions: reset-default-search: No addons in our list are installed.
1634123066574	Marionette	INFO	Stopped listening on port 55799
JavaScript error: resource:///modules/Interactions.jsm, line 230: NS_ERROR_FAILURE: Component returned failure code: 0x80004005 (NS_ERROR_FAILURE) [nsIUserIdleService.removeIdleObserver]
JavaScript error: chrome://remote/content/marionette/cert.js, line 55: NS_ERROR_NOT_AVAILABLE: Component returned failure code: 0x80040111 (NS_ERROR_NOT_AVAILABLE) [nsICertOverrideService.setDisableAllSecurityChecksAndLetAttackersInterceptMyData]
1634123173444	geckodriver	INFO	Listening on 127.0.0.1:64469
1634123176514	mozrunner::runner	INFO	Running command: "C:\\Program Files\\Mozilla Firefox\\firefox.exe" "--marionette" "-foreground" "-no-remote" "-profile" "C:\\Users\\20204093\\AppData\\Local\\Temp\\rust_mozprofileQxu2xe"
1634123176939	Marionette	INFO	Marionette enabled
console.warn: SearchSettings: "get: No settings file exists, new profile?" (new NotFoundError("Could not open the file at C:\\Users\\20204093\\AppData\\Local\\Temp\\rust_mozprofileQxu2xe\\search.json.mozlz4", (void 0)))
1634123178921	Marionette	INFO	Listening on port 64477
1634123179193	RemoteAgent	WARN	TLS certificate errors will be ignored for this session
1634123265086	geckodriver	INFO	Listening on 127.0.0.1:64551
1634123268154	mozrunner::runner	INFO	Running command: "C:\\Program Files\\Mozilla Firefox\\firefox.exe" "--marionette" "-foreground" "-no-remote" "-profile" "C:\\Users\\20204093\\AppData\\Local\\Temp\\rust_mozprofilesVb9PM"
1634123268550	Marionette	INFO	Marionette enabled
console.warn: SearchSettings: "get: No settings file exists, new profile?" (new NotFoundError("Could not open the file at C:\\Users\\20204093\\AppData\\Local\\Temp\\rust_mozprofilesVb9PM\\search.json.mozlz4", (void 0)))
1634123270371	Marionette	INFO	Listening on port 64559
1634123270820	RemoteAgent	WARN	TLS certificate errors will be ignored for this session
1634123370881	geckodriver	INFO	Listening on 127.0.0.1:64640
1634123373979	mozrunner::runner	INFO	Running command: "C:\\Program Files\\Mozilla Firefox\\firefox.exe" "--marionette" "-foreground" "-no-remote" "-profile" "C:\\Users\\20204093\\AppData\\Local\\Temp\\rust_mozprofileVbvJ5I"
1634123374364	Marionette	INFO	Marionette enabled
console.warn: SearchSettings: "get: No settings file exists, new profile?" (new NotFoundError("Could not open the file at C:\\Users\\20204093\\AppData\\Local\\Temp\\rust_mozprofileVbvJ5I\\search.json.mozlz4", (void 0)))
1634123376302	Marionette	INFO	Listening on port 64651
1634123376652	RemoteAgent	WARN	TLS certificate errors will be ignored for this session
1634123449499	geckodriver	INFO	Listening on 127.0.0.1:64737
1634123452582	mozrunner::runner	INFO	Running command: "C:\\Program Files\\Mozilla Firefox\\firefox.exe" "--marionette" "-foreground" "-no-remote" "-profile" "C:\\Users\\20204093\\AppData\\Local\\Temp\\rust_mozprofileKNdjo2"
1634123452986	Marionette	INFO	Marionette enabled
console.warn: SearchSettings: "get: No settings file exists, new profile?" (new NotFoundError("Could not open the file at C:\\Users\\20204093\\AppData\\Local\\Temp\\rust_mozprofileKNdjo2\\search.json.mozlz4", (void 0)))
1634123454936	Marionette	INFO	Listening on port 64745
1634123455242	RemoteAgent	WARN	TLS certificate errors will be ignored for this session
console.error: (new TypeError("currentNode is null", "resource://devtools/client/inspector/shared/style-change-tracker.js", 66))
TypeError: currentNode is null: canMutationImpactCurrentStyles@resource://devtools/client/inspector/shared/style-change-tracker.js:66:20
onMutations@resource://devtools/client/inspector/shared/style-change-tracker.js:84:41
_emit@resource://devtools/shared/event-emitter.js:244:34
emit@resource://devtools/shared/event-emitter.js:190:18
emit@resource://devtools/shared/event-emitter.js:342:18
getMutations@resource://devtools/client/fronts/walker.js:311:10

JavaScript warning: https://news.google.com/topics/CAAqJggKIiBDQkFTRWdvSUwyMHZNRGx1YlY4U0FtVnVHZ0pWVXlnQVAB?hl=en-US&gl=US&ceid=US:en, line 441: Script terminated by timeout at:
_.Ml@/_/mss/boq-dots/_/js/k=boq-dots.DotsSplashUi_default_ms.en_US.7RW7vCMyVI8.es5.O/am=fAQKNAABgA/d=1/excm=_b,_tp,collection/ed=1/dg=0/wt=2/esmo=1/rs=ALs0n2PLKQ2xVLPcPgpvU62iai0P6JSakA/m=_b,_tp:441:362
_.x@/_/mss/boq-dots/_/js/k=boq-dots.DotsSplashUi_default_ms.en_US.7RW7vCMyVI8.es5.O/am=fAQKNAABgA/d=1/excm=_b,_tp,collection/ed=1/dg=0/wt=2/esmo=1/rs=ALs0n2PLKQ2xVLPcPgpvU62iai0P6JSakA/m=_b,_tp:292:367
_.k.La@/_/mss/boq-dots/_/js/k=boq-dots.DotsSplashUi_default_ms.en_US.7RW7vCMyVI8.es5.O/am=fAQKNAABgA/d=1/excm=_b,_tp,collection/ed=1/dg=0/wt=2/esmo=1/rs=ALs0n2PLKQ2xVLPcPgpvU62iai0P6JSakA/m=_b,_tp:435:155
@/_/mss/boq-dots/_/js/k=boq-dots.DotsSplashUi_default_ms.en_US.7RW7vCMyVI8.es5.O/am=fAQKNAABgA/d=1/excm=_b,_tp,collection/ed=1/dg=0/wt=2/esmo=1/rs=ALs0n2PLKQ2xVLPcPgpvU62iai0P6JSakA/m=_b,_tp:763:386
_.gsa/<@https://www.gstatic.com/_/mss/boq-dots/_/js/k=boq-dots.DotsSplashUi_default_ms.en_US.7RW7vCMyVI8.es5.O/ck=boq-dots.DotsSplashUi_default_ms.NXFLNw3vpSc.L.F4.O/am=fAQKNAABgA/d=1/exm=LEikZe,MpJwZc,UUJqVe,_b,_tp,byfTOb,lsjVmc,n73qwf/excm=_b,_tp,collection/esmo=1/ed=1/wt=2/rs=ALs0n2NTSUECOyS2shnW-XpIjdqw4A4prQ/m=ws9Tlc,IZT63,e5qFLc,O1Gjze,xUdipf,blwjVc,fKUV3e,aurFic,COQbmf,U0aPgd,ZwDk9d,V3dDOb,gkizLe,lwOjSb,ryNBp,JntzAe,CLDLad,FSc7tf,m9oV,mI3LFb,WO9ee,U4Hp0d,cgol3b,dPwZPd,a4N6Ae,O6y8ed,PrPYRd,NwH0H,OmgaI,hT8rr,YV1Fke,lazG7b,XVMNvd,L1AAkb,KUM7Z,lfpdyf,k3XnTe,fFdwef,duFQFc,s39S4,xsFqcf,lwddkf,gychg,w9hDv,RMhBfe,XGmYob,SdcwHb,aW3pY,PQaYAf,pw70Gc,EFQ78c,Ulmmrd,ZfAoz,BeJYtf,fgj8Rb,I6YDgd,EGNJFf,xQtZb,lPKSwe,MdUzUe,gJzDyc,JNoxi,SF88Ef,phD5td,vH8gCd,yDVVkb,QIhFr,nYRqfb,CkDnH,NKIqxb,RLw19,MIIQB,KG2eXe,hc6Ubd,SpsfSb,VwDzFe,UXJhUd,zthM6,zbML3c,A7fCU,Uas9Hd,BVgquf,H4RQsd,zrwSIb,EBW0uc,eYnyH,Jkqotb,oovi3d,thFYTd,be99Xd,BZ12ub,uzO99c,mdR7q,MI6k7c,kjKdXe,MxVzvd,hep7xb,qQ3wNd,pQWkX,VP4VG,HyhIue,hKSk3e,pcJko,NM85mf,MRcHif,WDTLsd,pjICDe,jSvZHb:75:127
_.Ya<@/_/mss/boq-dots/_/js/k=boq-dots.DotsSplashUi_default_ms.en_US.7RW7vCMyVI8.es5.O/am=fAQKNAABgA/d=1/excm=_b,_tp,collection/ed=1/dg=0/wt=2/esmo=1/rs=ALs0n2PLKQ2xVLPcPgpvU62iai0P6JSakA/m=_b,_tp:170:373
_.gsa@https://www.gstatic.com/_/mss/boq-dots/_/js/k=boq-dots.DotsSplashUi_default_ms.en_US.7RW7vCMyVI8.es5.O/ck=boq-dots.DotsSplashUi_default_ms.NXFLNw3vpSc.L.F4.O/am=fAQKNAABgA/d=1/exm=LEikZe,MpJwZc,UUJqVe,_b,_tp,byfTOb,lsjVmc,n73qwf/excm=_b,_tp,collection/esmo=1/ed=1/wt=2/rs=ALs0n2NTSUECOyS2shnW-XpIjdqw4A4prQ/m=ws9Tlc,IZT63,e5qFLc,O1Gjze,xUdipf,blwjVc,fKUV3e,aurFic,COQbmf,U0aPgd,ZwDk9d,V3dDOb,gkizLe,lwOjSb,ryNBp,JntzAe,CLDLad,FSc7tf,m9oV,mI3LFb,WO9ee,U4Hp0d,cgol3b,dPwZPd,a4N6Ae,O6y8ed,PrPYRd,NwH0H,OmgaI,hT8rr,YV1Fke,lazG7b,XVMNvd,L1AAkb,KUM7Z,lfpdyf,k3XnTe,fFdwef,duFQFc,s39S4,xsFqcf,lwddkf,gychg,w9hDv,RMhBfe,XGmYob,SdcwHb,aW3pY,PQaYAf,pw70Gc,EFQ78c,Ulmmrd,ZfAoz,BeJYtf,fgj8Rb,I6YDgd,EGNJFf,xQtZb,lPKSwe,MdUzUe,gJzDyc,JNoxi,SF88Ef,phD5td,vH8gCd,yDVVkb,QIhFr,nYRqfb,CkDnH,NKIqxb,RLw19,MIIQB,KG2eXe,hc6Ubd,SpsfSb,VwDzFe,UXJhUd,zthM6,zbML3c,A7fCU,Uas9Hd,BVgquf,H4RQsd,zrwSIb,EBW0uc,eYnyH,Jkqotb,oovi3d,thFYTd,be99Xd,BZ12ub,uzO99c,mdR7q,MI6k7c,kjKdXe,MxVzvd,hep7xb,qQ3wNd,pQWkX,VP4VG,HyhIue,hKSk3e,pcJko,NM85mf,MRcHif,WDTLsd,pjICDe,jSvZHb:75:106
_.iw@https://www.gstatic.com/_/mss/boq-dots/_/js/k=boq-dots.DotsSplashUi_default_ms.en_US.7RW7vCMyVI8.es5.O/ck=boq-dots.DotsSplashUi_default_ms.NXFLNw3vpSc.L.F4.O/am=fAQKNAABgA/d=1/exm=LEikZe,MpJwZc,UUJqVe,_b,_tp,byfTOb,lsjVmc,n73qwf/excm=_b,_tp,collection/esmo=1/ed=1/wt=2/rs=ALs0n2NTSUECOyS2shnW-XpIjdqw4A4prQ/m=ws9Tlc,IZT63,e5qFLc,O1Gjze,xUdipf,blwjVc,fKUV3e,aurFic,COQbmf,U0aPgd,ZwDk9d,V3dDOb,gkizLe,lwOjSb,ryNBp,JntzAe,CLDLad,FSc7tf,m9oV,mI3LFb,WO9ee,U4Hp0d,cgol3b,dPwZPd,a4N6Ae,O6y8ed,PrPYRd,NwH0H,OmgaI,hT8rr,YV1Fke,lazG7b,XVMNvd,L1AAkb,KUM7Z,lfpdyf,k3XnTe,fFdwef,duFQFc,s39S4,xsFqcf,lwddkf,gychg,w9hDv,RMhBfe,XGmYob,SdcwHb,aW3pY,PQaYAf,pw70Gc,EFQ78c,Ulmmrd,ZfAoz,BeJYtf,fgj8Rb,I6YDgd,EGNJFf,xQtZb,lPKSwe,MdUzUe,gJzDyc,JNoxi,SF88Ef,phD5td,vH8gCd,yDVVkb,QIhFr,nYRqfb,CkDnH,NKIqxb,RLw19,MIIQB,KG2eXe,hc6Ubd,SpsfSb,VwDzFe,UXJhUd,zthM6,zbML3c,A7fCU,Uas9Hd,BVgquf,H4RQsd,zrwSIb,EBW0uc,eYnyH,Jkqotb,oovi3d,thFYTd,be99Xd,BZ12ub,uzO99c,mdR7q,MI6k7c,kjKdXe,MxVzvd,hep7xb,qQ3wNd,pQWkX,VP4VG,HyhIue,hKSk3e,pcJko,NM85mf,MRcHif,WDTLsd,pjICDe,jSvZHb:78:408
sva/<@https://www.gstatic.com/_/mss/boq-dots/_/js/k=boq-dots.DotsSplashUi_default_ms.en_US.7RW7vCMyVI8.es5.O/ck=boq-dots.DotsSplashUi_default_ms.NXFLNw3vpSc.L.F4.O/am=fAQKNAABgA/d=1/exm=LEikZe,MpJwZc,UUJqVe,_b,_tp,byfTOb,lsjVmc,n73qwf/excm=_b,_tp,collection/esmo=1/ed=1/wt=2/rs=ALs0n2NTSUECOyS2shnW-XpIjdqw4A4prQ/m=ws9Tlc,IZT63,e5qFLc,O1Gjze,xUdipf,blwjVc,fKUV3e,aurFic,COQbmf,U0aPgd,ZwDk9d,V3dDOb,gkizLe,lwOjSb,ryNBp,JntzAe,CLDLad,FSc7tf,m9oV,mI3LFb,WO9ee,U4Hp0d,cgol3b,dPwZPd,a4N6Ae,O6y8ed,PrPYRd,NwH0H,OmgaI,hT8rr,YV1Fke,lazG7b,XVMNvd,L1AAkb,KUM7Z,lfpdyf,k3XnTe,fFdwef,duFQFc,s39S4,xsFqcf,lwddkf,gychg,w9hDv,RMhBfe,XGmYob,SdcwHb,aW3pY,PQaYAf,pw70Gc,EFQ78c,Ulmmrd,ZfAoz,BeJYtf,fgj8Rb,I6YDgd,EGNJFf,xQtZb,lPKSwe,MdUzUe,gJzDyc,JNoxi,SF88Ef,phD5td,vH8gCd,yDVVkb,QIhFr,nYRqfb,CkDnH,NKIqxb,RLw19,MIIQB,KG2eXe,hc6Ubd,SpsfSb,VwDzFe,UXJhUd,zthM6,zbML3c,A7fCU,Uas9Hd,BVgquf,H4RQsd,zrwSIb,EBW0uc,eYnyH,Jkqotb,oovi3d,thFYTd,be99Xd,BZ12ub,uzO99c,mdR7q,MI6k7c,kjKdXe,MxVzvd,hep7xb,qQ3wNd,pQWkX,VP4VG,HyhIue,hKSk3e,pcJko,NM85mf,MRcHif,WDTLsd,pjICDe,jSvZHb:1297:133
yda/e.child</e.o<@/_/mss/boq-dots/_/js/k=boq-dots.DotsSplashUi_default_ms.en_US.7RW7vCMyVI8.es5.O/am=fAQKNAABgA/d=1/excm=_b,_tp,collection/ed=1/dg=0/wt=2/esmo=1/rs=ALs0n2PLKQ2xVLPcPgpvU62iai0P6JSakA/m=_b,_tp:243:473
Fda@/_/mss/boq-dots/_/js/k=boq-dots.DotsSplashUi_default_ms.en_US.7RW7vCMyVI8.es5.O/am=fAQKNAABgA/d=1/excm=_b,_tp,collection/ed=1/dg=0/wt=2/esmo=1/rs=ALs0n2PLKQ2xVLPcPgpvU62iai0P6JSakA/m=_b,_tp:246:329
Bda@/_/mss/boq-dots/_/js/k=boq-dots.DotsSplashUi_default_ms.en_US.7RW7vCMyVI8.es5.O/am=fAQKNAABgA/d=1/excm=_b,_tp,collection/ed=1/dg=0/wt=2/esmo=1/rs=ALs0n2PLKQ2xVLPcPgpvU62iai0P6JSakA/m=_b,_tp:246:206
_.li.prototype.oJ@/_/mss/boq-dots/_/js/k=boq-dots.DotsSplashUi_default_ms.en_US.7RW7vCMyVI8.es5.O/am=fAQKNAABgA/d=1/excm=_b,_tp,collection/ed=1/dg=0/wt=2/esmo=1/rs=ALs0n2PLKQ2xVLPcPgpvU62iai0P6JSakA/m=_b,_tp:246:72
sda@/_/mss/boq-dots/_/js/k=boq-dots.DotsSplashUi_default_ms.en_US.7RW7vCMyVI8.es5.O/am=fAQKNAABgA/d=1/excm=_b,_tp,collection/ed=1/dg=0/wt=2/esmo=1/rs=ALs0n2PLKQ2xVLPcPgpvU62iai0P6JSakA/m=_b,_tp:237:281
promise callback*ii@/_/mss/boq-dots/_/js/k=boq-dots.DotsSplashUi_default_ms.en_US.7RW7vCMyVI8.es5.O/am=fAQKNAABgA/d=1/excm=_b,_tp,collection/ed=1/dg=0/wt=2/esmo=1/rs=ALs0n2PLKQ2xVLPcPgpvU62iai0P6JSakA/m=_b,_tp:237:171
ki@/_/mss/boq-dots/_/js/k=boq-dots.DotsSplashUi_default_ms.en_US.7RW7vCMyVI8.es5.O/am=fAQKNAABgA/d=1/excm=_b,_tp,collection/ed=1/dg=0/wt=2/esmo=1/rs=ALs0n2PLKQ2xVLPcPgpvU62iai0P6JSakA/m=_b,_tp:237:37
Cda@/_/mss/boq-dots/_/js/k=boq-dots.DotsSplashUi_default_ms.en_US.7RW7vCMyVI8.es5.O/am=fAQKNAABgA/d=1/excm=_b,_tp,collection/ed=1/dg=0/wt=2/esmo=1/rs=ALs0n2PLKQ2xVLPcPgpvU62iai0P6JSakA/m=_b,_tp:245:411
_.li.prototype.Sk@/_/mss/boq-dots/_/js/k=boq-dots.DotsSplashUi_default_ms.en_US.7RW7vCMyVI8.es5.O/am=fAQKNAABgA/d=1/excm=_b,_tp,collection/ed=1/dg=0/wt=2/esmo=1/rs=ALs0n2PLKQ2xVLPcPgpvU62iai0P6JSakA/m=_b,_tp:244:407
_.ve@/_/mss/boq-dots/_/js/k=boq-dots.DotsSplashUi_default_ms.en_US.7RW7vCMyVI8.es5.O/am=fAQKNAABgA/d=1/excm=_b,_tp,collection/ed=1/dg=0/wt=2/esmo=1/rs=ALs0n2PLKQ2xVLPcPgpvU62iai0P6JSakA/m=_b,_tp:240:140
tfa@/_/mss/boq-dots/_/js/k=boq-dots.DotsSplashUi_default_ms.en_US.7RW7vCMyVI8.es5.O/am=fAQKNAABgA/d=1/excm=_b,_tp,collection/ed=1/dg=0/wt=2/esmo=1/rs=ALs0n2PLKQ2xVLPcPgpvU62iai0P6JSakA/m=_b,_tp:459:323
_.Gm.prototype.j@/_/mss/boq-dots/_/js/k=boq-dots.DotsSplashUi_default_ms.en_US.7RW7vCMyVI8.es5.O/am=fAQKNAABgA/d=1/excm=_b,_tp,collection/ed=1/dg=0/wt=2/esmo=1/rs=ALs0n2PLKQ2xVLPcPgpvU62iai0P6JSakA/m=_b,_tp:458:32
sqa@https://www.gstatic.com/_/mss/boq-dots/_/js/k=boq-dots.DotsSplashUi_default_ms.en_US.7RW7vCMyVI8.es5.O/ck=boq-dots.DotsSplashUi_default_ms.NXFLNw3vpSc.L.F4.O/am=fAQKNAABgA/d=1/exm=LEikZe,MpJwZc,UUJqVe,_b,_tp,byfTOb,lsjVmc,n73qwf/excm=_b,_tp,collection/esmo=1/ed=1/wt=2/rs=ALs0n2NTSUECOyS2shnW-XpIjdqw4A4prQ/m=ws9Tlc,IZT63,e5qFLc,O1Gjze,xUdipf,blwjVc,fKUV3e,aurFic,COQbmf,U0aPgd,ZwDk9d,V3dDOb,gkizLe,lwOjSb,ryNBp,JntzAe,CLDLad,FSc7tf,m9oV,mI3LFb,WO9ee,U4Hp0d,cgol3b,dPwZPd,a4N6Ae,O6y8ed,PrPYRd,NwH0H,OmgaI,hT8rr,YV1Fke,lazG7b,XVMNvd,L1AAkb,KUM7Z,lfpdyf,k3XnTe,fFdwef,duFQFc,s39S4,xsFqcf,lwddkf,gychg,w9hDv,RMhBfe,XGmYob,SdcwHb,aW3pY,PQaYAf,pw70Gc,EFQ78c,Ulmmrd,ZfAoz,BeJYtf,fgj8Rb,I6YDgd,EGNJFf,xQtZb,lPKSwe,MdUzUe,gJzDyc,JNoxi,SF88Ef,phD5td,vH8gCd,yDVVkb,QIhFr,nYRqfb,CkDnH,NKIqxb,RLw19,MIIQB,KG2eXe,hc6Ubd,SpsfSb,VwDzFe,UXJhUd,zthM6,zbML3c,A7fCU,Uas9Hd,BVgquf,H4RQsd,zrwSIb,EBW0uc,eYnyH,Jkqotb,oovi3d,thFYTd,be99Xd,BZ12ub,uzO99c,mdR7q,MI6k7c,kjKdXe,MxVzvd,hep7xb,qQ3wNd,pQWkX,VP4VG,HyhIue,hKSk3e,pcJko,NM85mf,MRcHif,WDTLsd,pjICDe,jSvZHb:10:187
service@https://www.gstatic.com/_/mss/boq-dots/_/js/k=boq-dots.DotsSplashUi_default_ms.en_US.7RW7vCMyVI8.es5.O/ck=boq-dots.DotsSplashUi_default_ms.NXFLNw3vpSc.L.F4.O/am=fAQKNAABgA/d=1/exm=LEikZe,MpJwZc,UUJqVe,_b,_tp,byfTOb,lsjVmc,n73qwf/excm=_b,_tp,collection/esmo=1/ed=1/wt=2/rs=ALs0n2NTSUECOyS2shnW-XpIjdqw4A4prQ/m=ws9Tlc,IZT63,e5qFLc,O1Gjze,xUdipf,blwjVc,fKUV3e,aurFic,COQbmf,U0aPgd,ZwDk9d,V3dDOb,gkizLe,lwOjSb,ryNBp,JntzAe,CLDLad,FSc7tf,m9oV,mI3LFb,WO9ee,U4Hp0d,cgol3b,dPwZPd,a4N6Ae,O6y8ed,PrPYRd,NwH0H,OmgaI,hT8rr,YV1Fke,lazG7b,XVMNvd,L1AAkb,KUM7Z,lfpdyf,k3XnTe,fFdwef,duFQFc,s39S4,xsFqcf,lwddkf,gychg,w9hDv,RMhBfe,XGmYob,SdcwHb,aW3pY,PQaYAf,pw70Gc,EFQ78c,Ulmmrd,ZfAoz,BeJYtf,fgj8Rb,I6YDgd,EGNJFf,xQtZb,lPKSwe,MdUzUe,gJzDyc,JNoxi,SF88Ef,phD5td,vH8gCd,yDVVkb,QIhFr,nYRqfb,CkDnH,NKIqxb,RLw19,MIIQB,KG2eXe,hc6Ubd,SpsfSb,VwDzFe,UXJhUd,zthM6,zbML3c,A7fCU,Uas9Hd,BVgquf,H4RQsd,zrwSIb,EBW0uc,eYnyH,Jkqotb,oovi3d,thFYTd,be99Xd,BZ12ub,uzO99c,mdR7q,MI6k7c,kjKdXe,MxVzvd,hep7xb,qQ3wNd,pQWkX,VP4VG,HyhIue,hKSk3e,pcJko,NM85mf,MRcHif,WDTLsd,pjICDe,jSvZHb:10:278
fka@/_/mss/boq-dots/_/js/k=boq-dots.DotsSplashUi_default_ms.en_US.7RW7vCMyVI8.es5.O/am=fAQKNAABgA/d=1/excm=_b,_tp,collection/ed=1/dg=0/wt=2/esmo=1/rs=ALs0n2PLKQ2xVLPcPgpvU62iai0P6JSakA/m=_b,_tp:904:336
_.we/e<@/_/mss/boq-dots/_/js/k=boq-dots.DotsSplashUi_default_ms.en_US.7RW7vCMyVI8.es5.O/am=fAQKNAABgA/d=1/excm=_b,_tp,collection/ed=1/dg=0/wt=2/esmo=1/rs=ALs0n2PLKQ2xVLPcPgpvU62iai0P6JSakA/m=_b,_tp:904:90
_.fb@/_/mss/boq-dots/_/js/k=boq-dots.DotsSplashUi_default_ms.en_US.7RW7vCMyVI8.es5.O/am=fAQKNAABgA/d=1/excm=_b,_tp,collection/ed=1/dg=0/wt=2/esmo=1/rs=ALs0n2PLKQ2xVLPcPgpvU62iai0P6JSakA/m=_b,_tp:62:341
_.we@/_/mss/boq-dots/_/js/k=boq-dots.DotsSplashUi_default_ms.en_US.7RW7vCMyVI8.es5.O/am=fAQKNAABgA/d=1/excm=_b,_tp,collection/ed=1/dg=0/wt=2/esmo=1/rs=ALs0n2PLKQ2xVLPcPgpvU62iai0P6JSakA/m=_b,_tp:904:64
Bna@/_/mss/boq-dots/_/js/k=boq-dots.DotsSplashUi_default_ms.en_US.7RW7vCMyVI8.es5.O/am=fAQKNAABgA/d=1/excm=_b,_tp,collection/ed=1/dg=0/wt=2/esmo=1/rs=ALs0n2PLKQ2xVLPcPgpvU62iai0P6JSakA/m=_b,_tp:1194:192
fka@/_/mss/boq-dots/_/js/k=boq-dots.DotsSplashUi_default_ms.en_US.7RW7vCMyVI8.es5.O/am=fAQKNAABgA/d=1/excm=_b,_tp,collection/ed=1/dg=0/wt=2/esmo=1/rs=ALs0n2PLKQ2xVLPcPgpvU62iai0P6JSakA/m=_b,_tp:904:336
_.we/e<@/_/mss/boq-dots/_/js/k=boq-dots.DotsSplashUi_default_ms.en_US.7RW7vCMyVI8.es5.O/am=fAQKNAABgA/d=1/excm=_b,_tp,collection/ed=1/dg=0/wt=2/esmo=1/rs=ALs0n2PLKQ2xVLPcPgpvU62iai0P6JSakA/m=_b,_tp:904:90
_.fb@/_/mss/boq-dots/_/js/k=boq-dots.DotsSplashUi_default_ms.en_US.7RW7vCMyVI8.es5.O/am=fAQKNAABgA/d=1/excm=_b,_tp,collection/ed=1/dg=0/wt=2/esmo=1/rs=ALs0n2PLKQ2xVLPcPgpvU62iai0P6JSakA/m=_b,_tp:62:341
_.we@/_/mss/boq-dots/_/js/k=boq-dots.DotsSplashUi_default_ms.en_US.7RW7vCMyVI8.es5.O/am=fAQKNAABgA/d=1/excm=_b,_tp,collection/ed=1/dg=0/wt=2/esmo=1/rs=ALs0n2PLKQ2xVLPcPgpvU62iai0P6JSakA/m=_b,_tp:904:64
Ana/<@/_/mss/boq-dots/_/js/k=boq-dots.DotsSplashUi_default_ms.en_US.7RW7vCMyVI8.es5.O/am=fAQKNAABgA/d=1/excm=_b,_tp,collection/ed=1/dg=0/wt=2/esmo=1/rs=ALs0n2PLKQ2xVLPcPgpvU62iai0P6JSakA/m=_b,_tp:1194:79
_.fb@/_/mss/boq-dots/_/js/k=boq-dots.DotsSplashUi_default_ms.en_US.7RW7vCMyVI8.es5.O/am=fAQKNAABgA/d=1/excm=_b,_tp,collection/ed=1/dg=0/wt=2/esmo=1/rs=ALs0n2PLKQ2xVLPcPgpvU62iai0P6JSakA/m=_b,_tp:62:341
Ana@/_/mss/boq-dots/_/js/k=boq-dots.DotsSplashUi_default_ms.en_US.7RW7vCMyVI8.es5.O/am=fAQKNAABgA/d=1/excm=_b,_tp,collection/ed=1/dg=0/wt=2/esmo=1/rs=ALs0n2PLKQ2xVLPcPgpvU62iai0P6JSakA/m=_b,_tp:1194:32
fka@/_/mss/boq-dots/_/js/k=boq-dots.DotsSplashUi_default_ms.en_US.7RW7vCMyVI8.es5.O/am=fAQKNAABgA/d=1/excm=_b,_tp,collection/ed=1/dg=0/wt=2/esmo=1/rs=ALs0n2PLKQ2xVLPcPgpvU62iai0P6JSakA/m=_b,_tp:904:336
_.we/e<@/_/mss/boq-dots/_/js/k=boq-dots.DotsSplashUi_default_ms.en_US.7RW7vCMyVI8.es5.O/am=fAQKNAABgA/d=1/excm=_b,_tp,collection/ed=1/dg=0/wt=2/esmo=1/rs=ALs0n2PLKQ2xVLPcPgpvU62iai0P6JSakA/m=_b,_tp:904:90
_.fb@/_/mss/boq-dots/_/js/k=boq-dots.DotsSplashUi_default_ms.en_US.7RW7vCMyVI8.es5.O/am=fAQKNAABgA/d=1/excm=_b,_tp,collection/ed=1/dg=0/wt=2/esmo=1/rs=ALs0n2PLKQ2xVLPcPgpvU62iai0P6JSakA/m=_b,_tp:62:341
_.we@/_/mss/boq-dots/_/js/k=boq-dots.DotsSplashUi_default_ms.en_US.7RW7vCMyVI8.es5.O/am=fAQKNAABgA/d=1/excm=_b,_tp,collection/ed=1/dg=0/wt=2/esmo=1/rs=ALs0n2PLKQ2xVLPcPgpvU62iai0P6JSakA/m=_b,_tp:904:64
rqa@https://www.gstatic.com/_/mss/boq-dots/_/js/k=boq-dots.DotsSplashUi_default_ms.en_US.7RW7vCMyVI8.es5.O/ck=boq-dots.DotsSplashUi_default_ms.NXFLNw3vpSc.L.F4.O/am=fAQKNAABgA/d=1/exm=LEikZe,MpJwZc,UUJqVe,_b,_tp,byfTOb,lsjVmc,n73qwf/excm=_b,_tp,collection/esmo=1/ed=1/wt=2/rs=ALs0n2NTSUECOyS2shnW-XpIjdqw4A4prQ/m=ws9Tlc,IZT63,e5qFLc,O1Gjze,xUdipf,blwjVc,fKUV3e,aurFic,COQbmf,U0aPgd,ZwDk9d,V3dDOb,gkizLe,lwOjSb,ryNBp,JntzAe,CLDLad,FSc7tf,m9oV,mI3LFb,WO9ee,U4Hp0d,cgol3b,dPwZPd,a4N6Ae,O6y8ed,PrPYRd,NwH0H,OmgaI,hT8rr,YV1Fke,lazG7b,XVMNvd,L1AAkb,KUM7Z,lfpdyf,k3XnTe,fFdwef,duFQFc,s39S4,xsFqcf,lwddkf,gychg,w9hDv,RMhBfe,XGmYob,SdcwHb,aW3pY,PQaYAf,pw70Gc,EFQ78c,Ulmmrd,ZfAoz,BeJYtf,fgj8Rb,I6YDgd,EGNJFf,xQtZb,lPKSwe,MdUzUe,gJzDyc,JNoxi,SF88Ef,phD5td,vH8gCd,yDVVkb,QIhFr,nYRqfb,CkDnH,NKIqxb,RLw19,MIIQB,KG2eXe,hc6Ubd,SpsfSb,VwDzFe,UXJhUd,zthM6,zbML3c,A7fCU,Uas9Hd,BVgquf,H4RQsd,zrwSIb,EBW0uc,eYnyH,Jkqotb,oovi3d,thFYTd,be99Xd,BZ12ub,uzO99c,mdR7q,MI6k7c,kjKdXe,MxVzvd,hep7xb,qQ3wNd,pQWkX,VP4VG,HyhIue,hKSk3e,pcJko,NM85mf,MRcHif,WDTLsd,pjICDe,jSvZHb:4:197
_.Wt@https://www.gstatic.com/_/mss/boq-dots/_/js/k=boq-dots.DotsSplashUi_default_ms.en_US.7RW7vCMyVI8.es5.O/ck=boq-dots.DotsSplashUi_default_ms.NXFLNw3vpSc.L.F4.O/am=fAQKNAABgA/d=1/exm=LEikZe,MpJwZc,UUJqVe,_b,_tp,byfTOb,lsjVmc,n73qwf/excm=_b,_tp,collection/esmo=1/ed=1/wt=2/rs=ALs0n2NTSUECOyS2shnW-XpIjdqw4A4prQ/m=ws9Tlc,IZT63,e5qFLc,O1Gjze,xUdipf,blwjVc,fKUV3e,aurFic,COQbmf,U0aPgd,ZwDk9d,V3dDOb,gkizLe,lwOjSb,ryNBp,JntzAe,CLDLad,FSc7tf,m9oV,mI3LFb,WO9ee,U4Hp0d,cgol3b,dPwZPd,a4N6Ae,O6y8ed,PrPYRd,NwH0H,OmgaI,hT8rr,YV1Fke,lazG7b,XVMNvd,L1AAkb,KUM7Z,lfpdyf,k3XnTe,fFdwef,duFQFc,s39S4,xsFqcf,lwddkf,gychg,w9hDv,RMhBfe,XGmYob,SdcwHb,aW3pY,PQaYAf,pw70Gc,EFQ78c,Ulmmrd,ZfAoz,BeJYtf,fgj8Rb,I6YDgd,EGNJFf,xQtZb,lPKSwe,MdUzUe,gJzDyc,JNoxi,SF88Ef,phD5td,vH8gCd,yDVVkb,QIhFr,nYRqfb,CkDnH,NKIqxb,RLw19,MIIQB,KG2eXe,hc6Ubd,SpsfSb,VwDzFe,UXJhUd,zthM6,zbML3c,A7fCU,Uas9Hd,BVgquf,H4RQsd,zrwSIb,EBW0uc,eYnyH,Jkqotb,oovi3d,thFYTd,be99Xd,BZ12ub,uzO99c,mdR7q,MI6k7c,kjKdXe,MxVzvd,hep7xb,qQ3wNd,pQWkX,VP4VG,HyhIue,hKSk3e,pcJko,NM85mf,MRcHif,WDTLsd,pjICDe,jSvZHb:5:29
_.jy/b.create@https://www.gstatic.com/_/mss/boq-dots/_/js/k=boq-dots.DotsSplashUi_default_ms.en_US.7RW7vCMyVI8.es5.O/ck=boq-dots.DotsSplashUi_default_ms.NXFLNw3vpSc.L.F4.O/am=fAQKNAABgA/d=1/exm=LEikZe,MpJwZc,UUJqVe,_b,_tp,byfTOb,lsjVmc,n73qwf/excm=_b,_tp,collection/esmo=1/ed=1/wt=2/rs=ALs0n2NTSUECOyS2shnW-XpIjdqw4A4prQ/m=ws9Tlc,IZT63,e5qFLc,O1Gjze,xUdipf,blwjVc,fKUV3e,aurFic,COQbmf,U0aPgd,ZwDk9d,V3dDOb,gkizLe,lwOjSb,ryNBp,JntzAe,CLDLad,FSc7tf,m9oV,mI3LFb,WO9ee,U4Hp0d,cgol3b,dPwZPd,a4N6Ae,O6y8ed,PrPYRd,NwH0H,OmgaI,hT8rr,YV1Fke,lazG7b,XVMNvd,L1AAkb,KUM7Z,lfpdyf,k3XnTe,fFdwef,duFQFc,s39S4,xsFqcf,lwddkf,gychg,w9hDv,RMhBfe,XGmYob,SdcwHb,aW3pY,PQaYAf,pw70Gc,EFQ78c,Ulmmrd,ZfAoz,BeJYtf,fgj8Rb,I6YDgd,EGNJFf,xQtZb,lPKSwe,MdUzUe,gJzDyc,JNoxi,SF88Ef,phD5td,vH8gCd,yDVVkb,QIhFr,nYRqfb,CkDnH,NKIqxb,RLw19,MIIQB,KG2eXe,hc6Ubd,SpsfSb,VwDzFe,UXJhUd,zthM6,zbML3c,A7fCU,Uas9Hd,BVgquf,H4RQsd,zrwSIb,EBW0uc,eYnyH,Jkqotb,oovi3d,thFYTd,be99Xd,BZ12ub,uzO99c,mdR7q,MI6k7c,kjKdXe,MxVzvd,hep7xb,qQ3wNd,pQWkX,VP4VG,HyhIue,hKSk3e,pcJko,NM85mf,MRcHif,WDTLsd,pjICDe,jSvZHb:342:178
_.Ut/<@https://www.gstatic.com/_/mss/boq-dots/_/js/k=boq-dots.DotsSplashUi_default_ms.en_US.7RW7vCMyVI8.es5.O/ck=boq-dots.DotsSplashUi_default_ms.NXFLNw3vpSc.L.F4.O/am=fAQKNAABgA/d=1/exm=LEikZe,MpJwZc,UUJqVe,_b,_tp,byfTOb,lsjVmc,n73qwf/excm=_b,_tp,collection/esmo=1/ed=1/wt=2/rs=ALs0n2NTSUECOyS2shnW-XpIjdqw4A4prQ/m=ws9Tlc,IZT63,e5qFLc,O1Gjze,xUdipf,blwjVc,fKUV3e,aurFic,COQbmf,U0aPgd,ZwDk9d,V3dDOb,gkizLe,lwOjSb,ryNBp,JntzAe,CLDLad,FSc7tf,m9oV,mI3LFb,WO9ee,U4Hp0d,cgol3b,dPwZPd,a4N6Ae,O6y8ed,PrPYRd,NwH0H,OmgaI,hT8rr,YV1Fke,lazG7b,XVMNvd,L1AAkb,KUM7Z,lfpdyf,k3XnTe,fFdwef,duFQFc,s39S4,xsFqcf,lwddkf,gychg,w9hDv,RMhBfe,XGmYob,SdcwHb,aW3pY,PQaYAf,pw70Gc,EFQ78c,Ulmmrd,ZfAoz,BeJYtf,fgj8Rb,I6YDgd,EGNJFf,xQtZb,lPKSwe,MdUzUe,gJzDyc,JNoxi,SF88Ef,phD5td,vH8gCd,yDVVkb,QIhFr,nYRqfb,CkDnH,NKIqxb,RLw19,MIIQB,KG2eXe,hc6Ubd,SpsfSb,VwDzFe,UXJhUd,zthM6,zbML3c,A7fCU,Uas9Hd,BVgquf,H4RQsd,zrwSIb,EBW0uc,eYnyH,Jkqotb,oovi3d,thFYTd,be99Xd,BZ12ub,uzO99c,mdR7q,MI6k7c,kjKdXe,MxVzvd,hep7xb,qQ3wNd,pQWkX,VP4VG,HyhIue,hKSk3e,pcJko,NM85mf,MRcHif,WDTLsd,pjICDe,jSvZHb:173:485
Hda@/_/mss/boq-dots/_/js/k=boq-dots.DotsSplashUi_default_ms.en_US.7RW7vCMyVI8.es5.O/am=fAQKNAABgA/d=1/excm=_b,_tp,collection/ed=1/dg=0/wt=2/esmo=1/rs=ALs0n2PLKQ2xVLPcPgpvU62iai0P6JSakA/m=_b,_tp:258:246
_.yi@/_/mss/boq-dots/_/js/k=boq-dots.DotsSplashUi_default_ms.en_US.7RW7vCMyVI8.es5.O/am=fAQKNAABgA/d=1/excm=_b,_tp,collection/ed=1/dg=0/wt=2/esmo=1/rs=ALs0n2PLKQ2xVLPcPgpvU62iai0P6JSakA/m=_b,_tp:255:472
_.zi@/_/mss/boq-dots/_/js/k=boq-dots.DotsSplashUi_default_ms.en_US.7RW7vCMyVI8.es5.O/am=fAQKNAABgA/d=1/excm=_b,_tp,collection/ed=1/dg=0/wt=2/esmo=1/rs=ALs0n2PLKQ2xVLPcPgpvU62iai0P6JSakA/m=_b,_tp:255:261
_.Ut@https://www.gstatic.com/_/mss/boq-dots/_/js/k=boq-dots.DotsSplashUi_default_ms.en_US.7RW7vCMyVI8.es5.O/ck=boq-dots.DotsSplashUi_default_ms.NXFLNw3vpSc.L.F4.O/am=fAQKNAABgA/d=1/exm=LEikZe,MpJwZc,UUJqVe,_b,_tp,byfTOb,lsjVmc,n73qwf/excm=_b,_tp,collection/esmo=1/ed=1/wt=2/rs=ALs0n2NTSUECOyS2shnW-XpIjdqw4A4prQ/m=ws9Tlc,IZT63,e5qFLc,O1Gjze,xUdipf,blwjVc,fKUV3e,aurFic,COQbmf,U0aPgd,ZwDk9d,V3dDOb,gkizLe,lwOjSb,ryNBp,JntzAe,CLDLad,FSc7tf,m9oV,mI3LFb,WO9ee,U4Hp0d,cgol3b,dPwZPd,a4N6Ae,O6y8ed,PrPYRd,NwH0H,OmgaI,hT8rr,YV1Fke,lazG7b,XVMNvd,L1AAkb,KUM7Z,lfpdyf,k3XnTe,fFdwef,duFQFc,s39S4,xsFqcf,lwddkf,gychg,w9hDv,RMhBfe,XGmYob,SdcwHb,aW3pY,PQaYAf,pw70Gc,EFQ78c,Ulmmrd,ZfAoz,BeJYtf,fgj8Rb,I6YDgd,EGNJFf,xQtZb,lPKSwe,MdUzUe,gJzDyc,JNoxi,SF88Ef,phD5td,vH8gCd,yDVVkb,QIhFr,nYRqfb,CkDnH,NKIqxb,RLw19,MIIQB,KG2eXe,hc6Ubd,SpsfSb,VwDzFe,UXJhUd,zthM6,zbML3c,A7fCU,Uas9Hd,BVgquf,H4RQsd,zrwSIb,EBW0uc,eYnyH,Jkqotb,oovi3d,thFYTd,be99Xd,BZ12ub,uzO99c,mdR7q,MI6k7c,kjKdXe,MxVzvd,hep7xb,qQ3wNd,pQWkX,VP4VG,HyhIue,hKSk3e,pcJko,NM85mf,MRcHif,WDTLsd,pjICDe,jSvZHb:173:459
_.k.ui@https://www.gstatic.com/_/mss/boq-dots/_/js/k=boq-dots.DotsSplashUi_default_ms.en_US.7RW7vCMyVI8.es5.O/ck=boq-dots.DotsSplashUi_default_ms.NXFLNw3vpSc.L.F4.O/am=fAQKNAABgA/d=1/exm=LEikZe,MpJwZc,UUJqVe,_b,_tp,byfTOb,lsjVmc,n73qwf/excm=_b,_tp,collection/esmo=1/ed=1/wt=2/rs=ALs0n2NTSUECOyS2shnW-XpIjdqw4A4prQ/m=ws9Tlc,IZT63,e5qFLc,O1Gjze,xUdipf,blwjVc,fKUV3e,aurFic,COQbmf,U0aPgd,ZwDk9d,V3dDOb,gkizLe,lwOjSb,ryNBp,JntzAe,CLDLad,FSc7tf,m9oV,mI3LFb,WO9ee,U4Hp0d,cgol3b,dPwZPd,a4N6Ae,O6y8ed,PrPYRd,NwH0H,OmgaI,hT8rr,YV1Fke,lazG7b,XVMNvd,L1AAkb,KUM7Z,lfpdyf,k3XnTe,fFdwef,duFQFc,s39S4,xsFqcf,lwddkf,gychg,w9hDv,RMhBfe,XGmYob,SdcwHb,aW3pY,PQaYAf,pw70Gc,EFQ78c,Ulmmrd,ZfAoz,BeJYtf,fgj8Rb,I6YDgd,EGNJFf,xQtZb,lPKSwe,MdUzUe,gJzDyc,JNoxi,SF88Ef,phD5td,vH8gCd,yDVVkb,QIhFr,nYRqfb,CkDnH,NKIqxb,RLw19,MIIQB,KG2eXe,hc6Ubd,SpsfSb,VwDzFe,UXJhUd,zthM6,zbML3c,A7fCU,Uas9Hd,BVgquf,H4RQsd,zrwSIb,EBW0uc,eYnyH,Jkqotb,oovi3d,thFYTd,be99Xd,BZ12ub,uzO99c,mdR7q,MI6k7c,kjKdXe,MxVzvd,hep7xb,qQ3wNd,pQWkX,VP4VG,HyhIue,hKSk3e,pcJko,NM85mf,MRcHif,WDTLsd,pjICDe,jSvZHb:193:49
model@https://www.gstatic.com/_/mss/boq-dots/_/js/k=boq-dots.DotsSplashUi_default_ms.en_US.7RW7vCMyVI8.es5.O/ck=boq-dots.DotsSplashUi_default_ms.NXFLNw3vpSc.L.F4.O/am=fAQKNAABgA/d=1/exm=LEikZe,MpJwZc,UUJqVe,_b,_tp,byfTOb,lsjVmc,n73qwf/excm=_b,_tp,collection/esmo=1/ed=1/wt=2/rs=ALs0n2NTSUECOyS2shnW-XpIjdqw4A4prQ/m=ws9Tlc,IZT63,e5qFLc,O1Gjze,xUdipf,blwjVc,fKUV3e,aurFic,COQbmf,U0aPgd,ZwDk9d,V3dDOb,gkizLe,lwOjSb,ryNBp,JntzAe,CLDLad,FSc7tf,m9oV,mI3LFb,WO9ee,U4Hp0d,cgol3b,dPwZPd,a4N6Ae,O6y8ed,PrPYRd,NwH0H,OmgaI,hT8rr,YV1Fke,lazG7b,XVMNvd,L1AAkb,KUM7Z,lfpdyf,k3XnTe,fFdwef,duFQFc,s39S4,xsFqcf,lwddkf,gychg,w9hDv,RMhBfe,XGmYob,SdcwHb,aW3pY,PQaYAf,pw70Gc,EFQ78c,Ulmmrd,ZfAoz,BeJYtf,fgj8Rb,I6YDgd,EGNJFf,xQtZb,lPKSwe,MdUzUe,gJzDyc,JNoxi,SF88Ef,phD5td,vH8gCd,yDVVkb,QIhFr,nYRqfb,CkDnH,NKIqxb,RLw19,MIIQB,KG2eXe,hc6Ubd,SpsfSb,VwDzFe,UXJhUd,zthM6,zbML3c,A7fCU,Uas9Hd,BVgquf,H4RQsd,zrwSIb,EBW0uc,eYnyH,Jkqotb,oovi3d,thFYTd,be99Xd,BZ12ub,uzO99c,mdR7q,MI6k7c,kjKdXe,MxVzvd,hep7xb,qQ3wNd,pQWkX,VP4VG,HyhIue,hKSk3e,pcJko,NM85mf,MRcHif,WDTLsd,pjICDe,jSvZHb:178:76
fka/g<@/_/mss/boq-dots/_/js/k=boq-dots.DotsSplashUi_default_ms.en_US.7RW7vCMyVI8.es5.O/am=fAQKNAABgA/d=1/excm=_b,_tp,collection/ed=1/dg=0/wt=2/esmo=1/rs=ALs0n2PLKQ2xVLPcPgpvU62iai0P6JSakA/m=_b,_tp:904:371
_.fb@/_/mss/boq-dots/_/js/k=boq-dots.DotsSplashUi_default_ms.en_US.7RW7vCMyVI8.es5.O/am=fAQKNAABgA/d=1/excm=_b,_tp,collection/ed=1/dg=0/wt=2/esmo=1/rs=ALs0n2PLKQ2xVLPcPgpvU62iai0P6JSakA/m=_b,_tp:62:341
fka@/_/mss/boq-dots/_/js/k=boq-dots.DotsSplashUi_default_ms.en_US.7RW7vCMyVI8.es5.O/am=fAQKNAABgA/d=1/excm=_b,_tp,collection/ed=1/dg=0/wt=2/esmo=1/rs=ALs0n2PLKQ2xVLPcPgpvU62iai0P6JSakA/m=_b,_tp:904:347
_.we/e<@/_/mss/boq-dots/_/js/k=boq-dots.DotsSplashUi_default_ms.en_US.7RW7vCMyVI8.es5.O/am=fAQKNAABgA/d=1/excm=_b,_tp,collection/ed=1/dg=0/wt=2/esmo=1/rs=ALs0n2PLKQ2xVLPcPgpvU62iai0P6JSakA/m=_b,_tp:904:90
_.fb@/_/mss/boq-dots/_/js/k=boq-dots.DotsSplashUi_default_ms.en_US.7RW7vCMyVI8.es5.O/am=fAQKNAABgA/d=1/excm=_b,_tp,collection/ed=1/dg=0/wt=2/esmo=1/rs=ALs0n2PLKQ2xVLPcPgpvU62iai0P6JSakA/m=_b,_tp:62:341
_.we@/_/mss/boq-dots/_/js/k=boq-dots.DotsSplashUi_default_ms.en_US.7RW7vCMyVI8.es5.O/am=fAQKNAABgA/d=1/excm=_b,_tp,collection/ed=1/dg=0/wt=2/esmo=1/rs=ALs0n2PLKQ2xVLPcPgpvU62iai0P6JSakA/m=_b,_tp:904:64
rqa@https://www.gstatic.com/_/mss/boq-dots/_/js/k=boq-dots.DotsSplashUi_default_ms.en_US.7RW7vCMyVI8.es5.O/ck=boq-dots.DotsSplashUi_default_ms.NXFLNw3vpSc.L.F4.O/am=fAQKNAABgA/d=1/exm=LEikZe,MpJwZc,UUJqVe,_b,_tp,byfTOb,lsjVmc,n73qwf/excm=_b,_tp,collection/esmo=1/ed=1/wt=2/rs=ALs0n2NTSUECOyS2shnW-XpIjdqw4A4prQ/m=ws9Tlc,IZT63,e5qFLc,O1Gjze,xUdipf,blwjVc,fKUV3e,aurFic,COQbmf,U0aPgd,ZwDk9d,V3dDOb,gkizLe,lwOjSb,ryNBp,JntzAe,CLDLad,FSc7tf,m9oV,mI3LFb,WO9ee,U4Hp0d,cgol3b,dPwZPd,a4N6Ae,O6y8ed,PrPYRd,NwH0H,OmgaI,hT8rr,YV1Fke,lazG7b,XVMNvd,L1AAkb,KUM7Z,lfpdyf,k3XnTe,fFdwef,duFQFc,s39S4,xsFqcf,lwddkf,gychg,w9hDv,RMhBfe,XGmYob,SdcwHb,aW3pY,PQaYAf,pw70Gc,EFQ78c,Ulmmrd,ZfAoz,BeJYtf,fgj8Rb,I6YDgd,EGNJFf,xQtZb,lPKSwe,MdUzUe,gJzDyc,JNoxi,SF88Ef,phD5td,vH8gCd,yDVVkb,QIhFr,nYRqfb,CkDnH,NKIqxb,RLw19,MIIQB,KG2eXe,hc6Ubd,SpsfSb,VwDzFe,UXJhUd,zthM6,zbML3c,A7fCU,Uas9Hd,BVgquf,H4RQsd,zrwSIb,EBW0uc,eYnyH,Jkqotb,oovi3d,thFYTd,be99Xd,BZ12ub,uzO99c,mdR7q,MI6k7c,kjKdXe,MxVzvd,hep7xb,qQ3wNd,pQWkX,VP4VG,HyhIue,hKSk3e,pcJko,NM85mf,MRcHif,WDTLsd,pjICDe,jSvZHb:4:197
_.Wt@https://www.gstatic.com/_/mss/boq-dots/_/js/k=boq-dots.DotsSplashUi_default_ms.en_US.7RW7vCMyVI8.es5.O/ck=boq-dots.DotsSplashUi_default_ms.NXFLNw3vpSc.L.F4.O/am=fAQKNAABgA/d=1/exm=LEikZe,MpJwZc,UUJqVe,_b,_tp,byfTOb,lsjVmc,n73qwf/excm=_b,_tp,collection/esmo=1/ed=1/wt=2/rs=ALs0n2NTSUECOyS2shnW-XpIjdqw4A4prQ/m=ws9Tlc,IZT63,e5qFLc,O1Gjze,xUdipf,blwjVc,fKUV3e,aurFic,COQbmf,U0aPgd,ZwDk9d,V3dDOb,gkizLe,lwOjSb,ryNBp,JntzAe,CLDLad,FSc7tf,m9oV,mI3LFb,WO9ee,U4Hp0d,cgol3b,dPwZPd,a4N6Ae,O6y8ed,PrPYRd,NwH0H,OmgaI,hT8rr,YV1Fke,lazG7b,XVMNvd,L1AAkb,KUM7Z,lfpdyf,k3XnTe,fFdwef,duFQFc,s39S4,xsFqcf,lwddkf,gychg,w9hDv,RMhBfe,XGmYob,SdcwHb,aW3pY,PQaYAf,pw70Gc,EFQ78c,Ulmmrd,ZfAoz,BeJYtf,fgj8Rb,I6YDgd,EGNJFf,xQtZb,lPKSwe,MdUzUe,gJzDyc,JNoxi,SF88Ef,phD5td,vH8gCd,yDVVkb,QIhFr,nYRqfb,CkDnH,NKIqxb,RLw19,MIIQB,KG2eXe,hc6Ubd,SpsfSb,VwDzFe,UXJhUd,zthM6,zbML3c,A7fCU,Uas9Hd,BVgquf,H4RQsd,zrwSIb,EBW0uc,eYnyH,Jkqotb,oovi3d,thFYTd,be99Xd,BZ12ub,uzO99c,mdR7q,MI6k7c,kjKdXe,MxVzvd,hep7xb,qQ3wNd,pQWkX,VP4VG,HyhIue,hKSk3e,pcJko,NM85mf,MRcHif,WDTLsd,pjICDe,jSvZHb:5:29
_.X/b.create@https://www.gstatic.com/_/mss/boq-dots/_/js/k=boq-dots.DotsSplashUi_default_ms.en_US.7RW7vCMyVI8.es5.O/ck=boq-dots.DotsSplashUi_default_ms.NXFLNw3vpSc.L.F4.O/am=fAQKNAABgA/d=1/exm=LEikZe,MpJwZc,UUJqVe,_b,_tp,byfTOb,lsjVmc,n73qwf/excm=_b,_tp,collection/esmo=1/ed=1/wt=2/rs=ALs0n2NTSUECOyS2shnW-XpIjdqw4A4prQ/m=ws9Tlc,IZT63,e5qFLc,O1Gjze,xUdipf,blwjVc,fKUV3e,aurFic,COQbmf,U0aPgd,ZwDk9d,V3dDOb,gkizLe,lwOjSb,ryNBp,JntzAe,CLDLad,FSc7tf,m9oV,mI3LFb,WO9ee,U4Hp0d,cgol3b,dPwZPd,a4N6Ae,O6y8ed,PrPYRd,NwH0H,OmgaI,hT8rr,YV1Fke,lazG7b,XVMNvd,L1AAkb,KUM7Z,lfpdyf,k3XnTe,fFdwef,duFQFc,s39S4,xsFqcf,lwddkf,gychg,w9hDv,RMhBfe,XGmYob,SdcwHb,aW3pY,PQaYAf,pw70Gc,EFQ78c,Ulmmrd,ZfAoz,BeJYtf,fgj8Rb,I6YDgd,EGNJFf,xQtZb,lPKSwe,MdUzUe,gJzDyc,JNoxi,SF88Ef,phD5td,vH8gCd,yDVVkb,QIhFr,nYRqfb,CkDnH,NKIqxb,RLw19,MIIQB,KG2eXe,hc6Ubd,SpsfSb,VwDzFe,UXJhUd,zthM6,zbML3c,A7fCU,Uas9Hd,BVgquf,H4RQsd,zrwSIb,EBW0uc,eYnyH,Jkqotb,oovi3d,thFYTd,be99Xd,BZ12ub,uzO99c,mdR7q,MI6k7c,kjKdXe,MxVzvd,hep7xb,qQ3wNd,pQWkX,VP4VG,HyhIue,hKSk3e,pcJko,NM85mf,MRcHif,WDTLsd,pjICDe,jSvZHb:248:235
f@/_/mss/boq-dots/_/js/k=boq-dots.DotsSplashUi_default_ms.en_US.7RW7vCMyVI8.es5.O/am=fAQKNAABgA/d=1/excm=_b,_tp,collection/ed=1/dg=0/wt=2/esmo=1/rs=ALs0n2PLKQ2xVLPcPgpvU62iai0P6JSakA/m=_b,_tp:1181:453
Ls.prototype.Nc/<@/_/mss/boq-dots/_/js/k=boq-dots.DotsSplashUi_default_ms.en_US.7RW7vCMyVI8.es5.O/am=fAQKNAABgA/d=1/excm=_b,_tp,collection/ed=1/dg=0/wt=2/esmo=1/rs=ALs0n2PLKQ2xVLPcPgpvU62iai0P6JSakA/m=_b,_tp:1182:151
Hda@/_/mss/boq-dots/_/js/k=boq-dots.DotsSplashUi_default_ms.en_US.7RW7vCMyVI8.es5.O/am=fAQKNAABgA/d=1/excm=_b,_tp,collection/ed=1/dg=0/wt=2/esmo=1/rs=ALs0n2PLKQ2xVLPcPgpvU62iai0P6JSakA/m=_b,_tp:258:246
_.yi@/_/mss/boq-dots/_/js/k=boq-dots.DotsSplashUi_default_ms.en_US.7RW7vCMyVI8.es5.O/am=fAQKNAABgA/d=1/excm=_b,_tp,collection/ed=1/dg=0/wt=2/esmo=1/rs=ALs0n2PLKQ2xVLPcPgpvU62iai0P6JSakA/m=_b,_tp:255:472
_.zi@/_/mss/boq-dots/_/js/k=boq-dots.DotsSplashUi_default_ms.en_US.7RW7vCMyVI8.es5.O/am=fAQKNAABgA/d=1/excm=_b,_tp,collection/ed=1/dg=0/wt=2/esmo=1/rs=ALs0n2PLKQ2xVLPcPgpvU62iai0P6JSakA/m=_b,_tp:255:261
Ls.prototype.Nc@/_/mss/boq-dots/_/js/k=boq-dots.DotsSplashUi_default_ms.en_US.7RW7vCMyVI8.es5.O/am=fAQKNAABgA/d=1/excm=_b,_tp,collection/ed=1/dg=0/wt=2/esmo=1/rs=ALs0n2PLKQ2xVLPcPgpvU62iai0P6JSakA/m=_b,_tp:1182:125
nna@/_/mss/boq-dots/_/js/k=boq-dots.DotsSplashUi_default_ms.en_US.7RW7vCMyVI8.es5.O/am=fAQKNAABgA/d=1/excm=_b,_tp,collection/ed=1/dg=0/wt=2/esmo=1/rs=ALs0n2PLKQ2xVLPcPgpvU62iai0P6JSakA/m=_b,_tp:1184:435
Ls.prototype.Ja@/_/mss/boq-dots/_/js/k=boq-dots.DotsSplashUi_default_ms.en_US.7RW7vCMyVI8.es5.O/am=fAQKNAABgA/d=1/excm=_b,_tp,collection/ed=1/dg=0/wt=2/esmo=1/rs=ALs0n2PLKQ2xVLPcPgpvU62iai0P6JSakA/m=_b,_tp:1183:387
c@/_/mss/boq-dots/_/js/k=boq-dots.DotsSplashUi_default_ms.en_US.7RW7vCMyVI8.es5.O/am=fAQKNAABgA/d=1/excm=_b,_tp,collection/ed=1/dg=0/wt=2/esmo=1/rs=ALs0n2PLKQ2xVLPcPgpvU62iai0P6JSakA/m=_b,_tp:1220:253
iba.prototype.dispatch@/_/mss/boq-dots/_/js/k=boq-dots.DotsSplashUi_default_ms.en_US.7RW7vCMyVI8.es5.O/am=fAQKNAABgA/d=1/excm=_b,_tp,collection/ed=1/dg=0/wt=2/esmo=1/rs=ALs0n2PLKQ2xVLPcPgpvU62iai0P6JSakA/m=_b,_tp:1174:349
w@https://news.google.com/topics/CAAqJggKIiBDQkFTRWdvSUwyMHZNRGx1YlY4U0FtVnVHZ0pWVXlnQVAB?hl=en-US&gl=US&ceid=US:en:44:357
trigger@https://news.google.com/topics/CAAqJggKIiBDQkFTRWdvSUwyMHZNRGx1YlY4U0FtVnVHZ0pWVXlnQVAB?hl=en-US&gl=US&ceid=US:en:52:130
Ls.prototype.trigger@/_/mss/boq-dots/_/js/k=boq-dots.DotsSplashUi_default_ms.en_US.7RW7vCMyVI8.es5.O/am=fAQKNAABgA/d=1/excm=_b,_tp,collection/ed=1/dg=0/wt=2/esmo=1/rs=ALs0n2PLKQ2xVLPcPgpvU62iai0P6JSakA/m=_b,_tp:1179:451
oea@/_/mss/boq-dots/_/js/k=boq-dots.DotsSplashUi_default_ms.en_US.7RW7vCMyVI8.es5.O/am=fAQKNAABgA/d=1/excm=_b,_tp,collection/ed=1/dg=0/wt=2/esmo=1/rs=ALs0n2PLKQ2xVLPcPgpvU62iai0P6JSakA/m=_b,_tp:1180:112
_.Se@/_/mss/boq-dots/_/js/k=boq-dots.DotsSplashUi_default_ms.en_US.7RW7vCMyVI8.es5.O/am=fAQKNAABgA/d=1/excm=_b,_tp,collection/ed=1/dg=0/wt=2/esmo=1/rs=ALs0n2PLKQ2xVLPcPgpvU62iai0P6JSakA/m=_b,_tp:680:332
cna/<@/_/mss/boq-dots/_/js/k=boq-dots.DotsSplashUi_default_ms.en_US.7RW7vCMyVI8.es5.O/am=fAQKNAABgA/d=1/excm=_b,_tp,collection/ed=1/dg=0/wt=2/esmo=1/rs=ALs0n2PLKQ2xVLPcPgpvU62iai0P6JSakA/m=_b,_tp:1156:205
cna@/_/mss/boq-dots/_/js/k=boq-dots.DotsSplashUi_default_ms.en_US.7RW7vCMyVI8.es5.O/am=fAQKNAABgA/d=1/excm=_b,_tp,collection/ed=1/dg=0/wt=2/esmo=1/rs=ALs0n2PLKQ2xVLPcPgpvU62iai0P6JSakA/m=_b,_tp:1156:179
Fs@/_/mss/boq-dots/_/js/k=boq-dots.DotsSplashUi_default_ms.en_US.7RW7vCMyVI8.es5.O/am=fAQKNAABgA/d=1/excm=_b,_tp,collection/ed=1/dg=0/wt=2/esmo=1/rs=ALs0n2PLKQ2xVLPcPgpvU62iai0P6JSakA/m=_b,_tp:1155:248
$ma@/_/mss/boq-dots/_/js/k=boq-dots.DotsSplashUi_default_ms.en_US.7RW7vCMyVI8.es5.O/am=fAQKNAABgA/d=1/excm=_b,_tp,collection/ed=1/dg=0/wt=2/esmo=1/rs=ALs0n2PLKQ2xVLPcPgpvU62iai0P6JSakA/m=_b,_tp:1154:351
Vma@/_/mss/boq-dots/_/js/k=boq-dots.DotsSplashUi_default_ms.en_US.7RW7vCMyVI8.es5.O/am=fAQKNAABgA/d=1/excm=_b,_tp,collection/ed=1/dg=0/wt=2/esmo=1/rs=ALs0n2PLKQ2xVLPcPgpvU62iai0P6JSakA/m=_b,_tp:1153:208
Bs/this.o<@/_/mss/boq-dots/_/js/k=boq-dots.DotsSplashUi_default_ms.en_US.7RW7vCMyVI8.es5.O/am=fAQKNAABgA/d=1/excm=_b,_tp,collection/ed=1/dg=0/wt=2/esmo=1/rs=ALs0n2PLKQ2xVLPcPgpvU62iai0P6JSakA/m=_b,_tp:1150:114
_.Es/a.o</a.oa@/_/mss/boq-dots/_/js/k=boq-dots.DotsSplashUi_default_ms.en_US.7RW7vCMyVI8.es5.O/am=fAQKNAABgA/d=1/excm=_b,_tp,collection/ed=1/dg=0/wt=2/esmo=1/rs=ALs0n2PLKQ2xVLPcPgpvU62iai0P6JSakA/m=_b,_tp:1158:338
c@/_/mss/boq-dots/_/js/k=boq-dots.DotsSplashUi_default_ms.en_US.7RW7vCMyVI8.es5.O/am=fAQKNAABgA/d=1/excm=_b,_tp,collection/ed=1/dg=0/wt=2/esmo=1/rs=ALs0n2PLKQ2xVLPcPgpvU62iai0P6JSakA/m=_b,_tp:1220:253
oda/b.port1.onmessage@/_/mss/boq-dots/_/js/k=boq-dots.DotsSplashUi_default_ms.en_US.7RW7vCMyVI8.es5.O/am=fAQKNAABgA/d=1/excm=_b,_tp,collection/ed=1/dg=0/wt=2/esmo=1/rs=ALs0n2PLKQ2xVLPcPgpvU62iai0P6JSakA/m=_b,_tp:234:250
EventHandlerNonNull*oda@/_/mss/boq-dots/_/js/k=boq-dots.DotsSplashUi_default_ms.en_US.7RW7vCMyVI8.es5.O/am=fAQKNAABgA/d=1/excm=_b,_tp,collection/ed=1/dg=0/wt=2/esmo=1/rs=ALs0n2PLKQ2xVLPcPgpvU62iai0P6JSakA/m=_b,_tp:234:171
_.fi@/_/mss/boq-dots/_/js/k=boq-dots.DotsSplashUi_default_ms.en_US.7RW7vCMyVI8.es5.O/am=fAQKNAABgA/d=1/excm=_b,_tp,collection/ed=1/dg=0/wt=2/esmo=1/rs=ALs0n2PLKQ2xVLPcPgpvU62iai0P6JSakA/m=_b,_tp:232:195
_.Es/a.o<@/_/mss/boq-dots/_/js/k=boq-dots.DotsSplashUi_default_ms.en_US.7RW7vCMyVI8.es5.O/am=fAQKNAABgA/d=1/excm=_b,_tp,collection/ed=1/dg=0/wt=2/esmo=1/rs=ALs0n2PLKQ2xVLPcPgpvU62iai0P6JSakA/m=_b,_tp:1158:348
_.li@/_/mss/boq-dots/_/js/k=boq-dots.DotsSplashUi_default_ms.en_US.7RW7vCMyVI8.es5.O/am=fAQKNAABgA/d=1/excm=_b,_tp,collection/ed=1/dg=0/wt=2/esmo=1/rs=ALs0n2PLKQ2xVLPcPgpvU62iai0P6JSakA/m=_b,_tp:239:152
_.Es@/_/mss/boq-dots/_/js/k=boq-dots.DotsSplashUi_default_ms.en_US.7RW7vCMyVI8.es5.O/am=fAQKNAABgA/d=1/excm=_b,_tp,collection/ed=1/dg=0/wt=2/esmo=1/rs=ALs0n2PLKQ2xVLPcPgpvU62iai0P6JSakA/m=_b,_tp:1158:260
Bs.prototype.um@/_/mss/boq-dots/_/js/k=boq-dots.DotsSplashUi_default_ms.en_US.7RW7vCMyVI8.es5.O/am=fAQKNAABgA/d=1/excm=_b,_tp,collection/ed=1/dg=0/wt=2/esmo=1/rs=ALs0n2PLKQ2xVLPcPgpvU62iai0P6JSakA/m=_b,_tp:1151:64
Bt.prototype.initialize@/_/mss/boq-dots/_/js/k=boq-dots.DotsSplashUi_default_ms.en_US.7RW7vCMyVI8.es5.O/am=fAQKNAABgA/d=1/excm=_b,_tp,collection/ed=1/dg=0/wt=2/esmo=1/rs=ALs0n2PLKQ2xVLPcPgpvU62iai0P6JSakA/m=_b,_tp:1269:373
gca@/_/mss/boq-dots/_/js/k=boq-dots.DotsSplashUi_default_ms.en_US.7RW7vCMyVI8.es5.O/am=fAQKNAABgA/d=1/excm=_b,_tp,collection/ed=1/dg=0/wt=2/esmo=1/rs=ALs0n2PLKQ2xVLPcPgpvU62iai0P6JSakA/m=_b,_tp:165:372
Nda@/_/mss/boq-dots/_/js/k=boq-dots.DotsSplashUi_default_ms.en_US.7RW7vCMyVI8.es5.O/am=fAQKNAABgA/d=1/excm=_b,_tp,collection/ed=1/dg=0/wt=2/esmo=1/rs=ALs0n2PLKQ2xVLPcPgpvU62iai0P6JSakA/m=_b,_tp:267:50
_.k.dM@/_/mss/boq-dots/_/js/k=boq-dots.DotsSplashUi_default_ms.en_US.7RW7vCMyVI8.es5.O/am=fAQKNAABgA/d=1/excm=_b,_tp,collection/ed=1/dg=0/wt=2/esmo=1/rs=ALs0n2PLKQ2xVLPcPgpvU62iai0P6JSakA/m=_b,_tp:262:450
_._ModuleManager_initialize@/_/mss/boq-dots/_/js/k=boq-dots.DotsSplashUi_default_ms.en_US.7RW7vCMyVI8.es5.O/am=fAQKNAABgA/d=1/excm=_b,_tp,collection/ed=1/dg=0/wt=2/esmo=1/rs=ALs0n2PLKQ2xVLPcPgpvU62iai0P6JSakA/m=_b,_tp:1348:90
@/_/mss/boq-dots/_/js/k=boq-dots.DotsSplashUi_default_ms.en_US.7RW7vCMyVI8.es5.O/am=fAQKNAABgA/d=1/excm=_b,_tp,collection/ed=1/dg=0/wt=2/esmo=1/rs=ALs0n2PLKQ2xVLPcPgpvU62iai0P6JSakA/m=_b,_tp:1350:3
@/_/mss/boq-dots/_/js/k=boq-dots.DotsSplashUi_default_ms.en_US.7RW7vCMyVI8.es5.O/am=fAQKNAABgA/d=1/excm=_b,_tp,collection/ed=1/dg=0/wt=2/esmo=1/rs=ALs0n2PLKQ2xVLPcPgpvU62iai0P6JSakA/m=_b,_tp:1362:4

1634123500593	Marionette	WARN	Ignoring event 'DOMContentLoaded' because document has an invalid readyState of 'complete'.
console.warn: "Failed to add watcher data entry for frame targets in browsing context" 21
console.warn: (new AbortError("Actor 'DevToolsFrame' destroyed before query 'DevToolsFrameParent:addWatcherDataEntry' was resolved", (void 0)))
console.error: "Error while calling actor 'pagestyle's method 'getLayout'" "style is null"
console.error: (new TypeError("style is null", "resource://devtools/server/actors/page-style.js", 1038))
console.error: (new Error("Protocol error (TypeError): style is null from: server0.conn0.child4/pagestyle25 (resource://devtools/server/actors/page-style.js:1038:7)", "resource://devtools/shared/protocol/Front.js", 362))
console.error: "Error while calling actor 'domnode's method 'getAllSelectors'" "ele.ownerGlobal is null"
console.error: (new TypeError("ele.ownerGlobal is null", "resource://devtools/shared/inspector/css-logic.js", 595))
console.error: (new Error("Protocol error (TypeError): ele.ownerGlobal is null from: server0.conn0.child4/domnode186 (resource://devtools/shared/inspector/css-logic.js:595:21)", "resource://devtools/shared/protocol/Front.js", 362))
console.error: "Error writing response to: getScrollableAncestorNode"
console.error: "Error while calling actor 'domwalker's method 'getScrollableAncestorNode'" "Component returned failure code: 0x80070057 (NS_ERROR_ILLEGAL_VALUE) [nsIEventListenerService.getListenerInfoFor]"
console.error: ({})
console.error: "Error while calling actor 'pagestyle's method 'getApplied'" "CssLogic.getComputedStyle(...) is null"
console.error: (new TypeError("CssLogic.getComputedStyle(...) is null", "resource://devtools/server/actors/page-style.js", 720))
console.error: (new Error("Protocol error (TypeError): CssLogic.getComputedStyle(...) is null from: server0.conn0.child4/pagestyle25 (resource://devtools/server/actors/page-style.js:720:30)", "resource://devtools/shared/protocol/Front.js", 362))
console.error: (new Error("Protocol error (TypeError): CssLogic.getComputedStyle(...) is null from: server0.conn0.child4/pagestyle25 (resource://devtools/server/actors/page-style.js:720:30)", "resource://devtools/shared/protocol/Front.js", 362))
console.error: (new Error("Protocol error (TypeError): CssLogic.getComputedStyle(...) is null from: server0.conn0.child4/pagestyle25 (resource://devtools/server/actors/page-style.js:720:30)", "resource://devtools/shared/protocol/Front.js", 362))
console.error: "Error writing response to: children"
console.error: "Error while calling actor 'domwalker's method 'children'" "Component returned failure code: 0x80070057 (NS_ERROR_ILLEGAL_VALUE) [nsIEventListenerService.getListenerInfoFor]"
console.error: ({})
console.error: (new Error("Protocol error (NS_ERROR_ILLEGAL_VALUE): Component returned failure code: 0x80070057 (NS_ERROR_ILLEGAL_VALUE) [nsIEventListenerService.getListenerInfoFor] from: server0.conn0.child4/domwalker24 (resource://devtools/server/actors/inspector/event-collector.js:266:0)", "resource://devtools/shared/protocol/Front.js", 362))
console.error: "Error writing response to: getGrids"
console.error: "Error while calling actor 'layout's method 'getGrids'" "CssLogic.getComputedStyle(...) is null"
console.error: (new TypeError("CssLogic.getComputedStyle(...) is null", "resource://devtools/server/actors/layout.js", 331))
JavaScript error: resource://devtools/shared/protocol/Front.js, line 362: Error: Protocol error (TypeError): CssLogic.getComputedStyle(...) is null from: server0.conn0.child4/layout42 (resource://devtools/server/actors/layout.js:331:18)
console.error: "Error sending event: overflow-change"
console.error: ({})
[Exception... "Component returned failure code: 0x80070057 (NS_ERROR_ILLEGAL_VALUE) [nsIEventListenerService.getListenerInfoFor]"  nsresult: "0x80070057 (NS_ERROR_ILLEGAL_VALUE)"  location: "JS frame :: resource://devtools/server/actors/inspector/event-collector.js :: getDOMListeners :: line 266"  data: no]: getDOMListeners@resource://devtools/server/actors/inspector/event-collector.js:266:22
getListeners@resource://devtools/server/actors/inspector/event-collector.js:334:28
hasListeners@resource://devtools/server/actors/inspector/event-collector.js:227:17
hasEventListeners@resource://devtools/server/actors/inspector/event-collector.js:802:21
get _hasEventListeners@resource://devtools/server/actors/inspector/node.js:383:33
form@resource://devtools/server/actors/inspector/node.js:207:7
write@resource://devtools/shared/protocol/types.js:363:32
types.addArrayType/write/<@resource://devtools/shared/protocol/types.js:215:33
write@resource://devtools/shared/protocol/types.js:215:16
write@resource://devtools/shared/protocol/Request.js:109:22
write@resource://devtools/shared/protocol/Request.js:39:26
_sendEvent@resource://devtools/shared/protocol/Actor.js:66:24
initialize/<@resource://devtools/shared/protocol/Actor.js:46:16
_emit@resource://devtools/shared/event-emitter.js:244:34
emit@resource://devtools/shared/event-emitter.js:190:18
emit@resource://devtools/shared/event-emitter.js:342:18
_onReflows@resource://devtools/server/actors/inspector/walker.js:589:12
_emit@resource://devtools/shared/event-emitter.js:244:34
emit@resource://devtools/shared/event-emitter.js:190:18
emit@resource://devtools/shared/event-emitter.js:342:18
_startEventLoop@resource://devtools/server/actors/reflow.js:314:12
notify@resource://gre/modules/Timer.jsm:62:17

console.error: "Error sending event: display-change"
console.error: ({})
[Exception... "Component returned failure code: 0x80070057 (NS_ERROR_ILLEGAL_VALUE) [nsIEventListenerService.getListenerInfoFor]"  nsresult: "0x80070057 (NS_ERROR_ILLEGAL_VALUE)"  location: "JS frame :: resource://devtools/server/actors/inspector/event-collector.js :: getDOMListeners :: line 266"  data: no]: getDOMListeners@resource://devtools/server/actors/inspector/event-collector.js:266:22
getListeners@resource://devtools/server/actors/inspector/event-collector.js:334:28
hasListeners@resource://devtools/server/actors/inspector/event-collector.js:227:17
hasEventListeners@resource://devtools/server/actors/inspector/event-collector.js:802:21
get _hasEventListeners@resource://devtools/server/actors/inspector/node.js:383:33
form@resource://devtools/server/actors/inspector/node.js:207:7
write@resource://devtools/shared/protocol/types.js:363:32
types.addArrayType/write/<@resource://devtools/shared/protocol/types.js:215:33
write@resource://devtools/shared/protocol/types.js:215:16
write@resource://devtools/shared/protocol/Request.js:109:22
write@resource://devtools/shared/protocol/Request.js:39:26
_sendEvent@resource://devtools/shared/protocol/Actor.js:66:24
initialize/<@resource://devtools/shared/protocol/Actor.js:46:16
_emit@resource://devtools/shared/event-emitter.js:244:34
emit@resource://devtools/shared/event-emitter.js:190:18
emit@resource://devtools/shared/event-emitter.js:342:18
_onReflows@resource://devtools/server/actors/inspector/walker.js:593:12
_emit@resource://devtools/shared/event-emitter.js:244:34
emit@resource://devtools/shared/event-emitter.js:190:18
emit@resource://devtools/shared/event-emitter.js:342:18
_startEventLoop@resource://devtools/server/actors/reflow.js:314:12
notify@resource://gre/modules/Timer.jsm:62:17

console.error: "Error sending event: scrollable-change"
console.error: ({})
[Exception... "Component returned failure code: 0x80070057 (NS_ERROR_ILLEGAL_VALUE) [nsIEventListenerService.getListenerInfoFor]"  nsresult: "0x80070057 (NS_ERROR_ILLEGAL_VALUE)"  location: "JS frame :: resource://devtools/server/actors/inspector/event-collector.js :: getDOMListeners :: line 266"  data: no]: getDOMListeners@resource://devtools/server/actors/inspector/event-collector.js:266:22
getListeners@resource://devtools/server/actors/inspector/event-collector.js:334:28
hasListeners@resource://devtools/server/actors/inspector/event-collector.js:227:17
hasEventListeners@resource://devtools/server/actors/inspector/event-collector.js:802:21
get _hasEventListeners@resource://devtools/server/actors/inspector/node.js:383:33
form@resource://devtools/server/actors/inspector/node.js:207:7
write@resource://devtools/shared/protocol/types.js:363:32
types.addArrayType/write/<@resource://devtools/shared/protocol/types.js:215:33
write@resource://devtools/shared/protocol/types.js:215:16
write@resource://devtools/shared/protocol/Request.js:109:22
write@resource://devtools/shared/protocol/Request.js:39:26
_sendEvent@resource://devtools/shared/protocol/Actor.js:66:24
initialize/<@resource://devtools/shared/protocol/Actor.js:46:16
_emit@resource://devtools/shared/event-emitter.js:244:34
emit@resource://devtools/shared/event-emitter.js:190:18
emit@resource://devtools/shared/event-emitter.js:342:18
_onReflows@resource://devtools/server/actors/inspector/walker.js:597:12
_emit@resource://devtools/shared/event-emitter.js:244:34
emit@resource://devtools/shared/event-emitter.js:190:18
emit@resource://devtools/shared/event-emitter.js:342:18
_startEventLoop@resource://devtools/server/actors/reflow.js:314:12
notify@resource://gre/modules/Timer.jsm:62:17

JavaScript error: resource:///modules/FaviconLoader.jsm, line 596: InvalidStateError: JSWindowActorChild.sendAsyncMessage: JSWindowActorChild cannot send at the moment
JavaScript error: resource:///modules/FaviconLoader.jsm, line 596: InvalidStateError: JSWindowActorChild.sendAsyncMessage: JSWindowActorChild cannot send at the moment
1634123566166	geckodriver	INFO	Listening on 127.0.0.1:64831
1634123569247	mozrunner::runner	INFO	Running command: "C:\\Program Files\\Mozilla Firefox\\firefox.exe" "--marionette" "-foreground" "-no-remote" "-profile" "C:\\Users\\20204093\\AppData\\Local\\Temp\\rust_mozprofile3rKd4t"
1634123569628	Marionette	INFO	Marionette enabled
console.warn: SearchSettings: "get: No settings file exists, new profile?" (new NotFoundError("Could not open the file at C:\\Users\\20204093\\AppData\\Local\\Temp\\rust_mozprofile3rKd4t\\search.json.mozlz4", (void 0)))
1634123571524	Marionette	INFO	Listening on port 64839
1634123571888	RemoteAgent	WARN	TLS certificate errors will be ignored for this session
